Assuming unrestricted shared filesystem usage.
host: DESKTOP-4OH91MG
Building DAG of jobs...
Provided cores: 1 (use --cores to define parallelism)
Rules claiming more threads will be scaled down.
Job stats:
job            count
-----------  -------
all                1
make_result        1
total              2

Select jobs to execute...
Execute 1 jobs...
[Wed Dec 17 22:21:37 2025]
localrule make_result:
    output: result.txt
    jobid: 1
    reason: Missing output files: result.txt
    resources: tmpdir=C:\Users\DASHA\AppData\Local\Temp
RuleException:
CalledProcessError in file "C:\Users\DASHA\Documents\my-first-snakemake-project\Snakefile", line 9:
Command './scripts/hello.sh > result.txt' returned non-zero exit status 1.
[Wed Dec 17 22:21:37 2025]
Error in rule make_result:
    message: None
    jobid: 1
    output: result.txt
    shell:
        ./scripts/hello.sh > result.txt
        (command exited with non-zero exit code)
Removing output files of failed job make_result since they might be corrupted:
result.txt
Shutting down, this might take some time.
Exiting because a job execution failed. Look below for error messages
[Wed Dec 17 22:21:37 2025]
Error in rule make_result:
    message: None
    jobid: 1
    output: result.txt
    shell:
        ./scripts/hello.sh > result.txt
        (command exited with non-zero exit code)
Complete log(s): C:\Users\DASHA\Documents\my-first-snakemake-project\.snakemake\log\2025-12-17T222136.793935.snakemake.log
WorkflowError:
At least one job did not complete successfully.
